<?xml version="1.0" encoding="UTF-8"?>
<!-- Generated by org.testng.reporters.JUnitReportReporter -->
<testsuite hostname="Chaitanya" failures="0" tests="1" name="com.demo.insuranceCalculation_Motorcycle.EndToEndTests_Motorcycle" time="22.916" errors="0" timestamp="2022-07-18T19:19:05 IST" skipped="0">
  <testcase classname="com.demo.insuranceCalculation_Motorcycle.EndToEndTests_Motorcycle" name="insuranceCalculate" time="22.916"/>
  <system-out/>
</testsuite> <!-- com.demo.insuranceCalculation_Motorcycle.EndToEndTests_Motorcycle -->
