<?xml version="1.0" encoding="UTF-8"?>
<!-- Generated by org.testng.reporters.JUnitReportReporter -->
<testsuite hostname="Chaitanya" failures="0" tests="1" name="com.demo.insuranceCalculation_Motorcycle.EndToEndTests_Motorcycle" time="11.122" errors="0" timestamp="2022-07-19T22:31:28 IST" skipped="0">
  <testcase classname="com.demo.insuranceCalculation_Motorcycle.EndToEndTests_Motorcycle" name="insuranceCalculate" time="11.122"/>
  <system-out/>
</testsuite> <!-- com.demo.insuranceCalculation_Motorcycle.EndToEndTests_Motorcycle -->
